<?xml version="1.0" encoding="UTF-8"?>
<!-- Generated by org.testng.reporters.JUnitReportReporter -->
<testsuite hostname="LAPTOP-U55Q2G31" failures="0" tests="1" name="demo" time="0.019" errors="0" timestamp="2025-02-06T16:43:52 GMT-05:00" skipped="0">
  <testcase classname="demo" name="firstdemo" time="0.019"/>
</testsuite> <!-- demo -->
